<?xml version="1.0" encoding="UTF-8"?>
<testsuite xmlns:xsi="http://www.w3.org/2001/XMLSchema-instance" xsi:noNamespaceSchemaLocation="https://maven.apache.org/surefire/maven-surefire-plugin/xsd/surefire-test-report.xsd" name="RadioTest" time="0.19" tests="49" errors="0" skipped="0" failures="0">
  <properties>
[...]
</properties>
  <testcase name="StationNumberSetTest{int, int}[1]" classname="RadioTest" time="0.042"/>
  <testcase name="StationNumberSetTest{int, int}[2]" classname="RadioTest" time="0.002"/>
  <testcase name="StationNumberSetTest{int, int}[3]" classname="RadioTest" time="0"/>
  <testcase name="StationNumberSetTest{int, int}[4]" classname="RadioTest" time="0.001"/>
  <testcase name="StationNumberSetTest{int, int}[5]" classname="RadioTest" time="0"/>
  <testcase name="StationNumberSetTest{int, int}[6]" classname="RadioTest" time="0"/>
  <testcase name="StationNumberSetTest{int, int}[7]" classname="RadioTest" time="0"/>
  <testcase name="StationVolDownTest{int, int}[1]" classname="RadioTest" time="0.001"/>
  <testcase name="StationVolDownTest{int, int}[2]" classname="RadioTest" time="0"/>
  <testcase name="StationVolDownTest{int, int}[3]" classname="RadioTest" time="0"/>
  <testcase name="StationVolDownTest{int, int}[4]" classname="RadioTest" time="0"/>
  <testcase name="StationVolDownTest{int, int}[5]" classname="RadioTest" time="0"/>
  <testcase name="StationVolDownTest{int, int}[6]" classname="RadioTest" time="0.001"/>
  <testcase name="StationVolDownTest{int, int}[7]" classname="RadioTest" time="0.001"/>
  <testcase name="StationNumberPrevTest{int, int}[1]" classname="RadioTest" time="0.001"/>
  <testcase name="StationNumberPrevTest{int, int}[2]" classname="RadioTest" time="0.001"/>
  <testcase name="StationNumberPrevTest{int, int}[3]" classname="RadioTest" time="0.001"/>
  <testcase name="StationNumberPrevTest{int, int}[4]" classname="RadioTest" time="0.009"/>
  <testcase name="StationNumberPrevTest{int, int}[5]" classname="RadioTest" time="0"/>
  <testcase name="StationNumberPrevTest{int, int}[6]" classname="RadioTest" time="0.001"/>
  <testcase name="StationNumberPrevTest{int, int}[7]" classname="RadioTest" time="0.001"/>
  <testcase name="StationVolUpTest{int, int}[1]" classname="RadioTest" time="0"/>
  <testcase name="StationVolUpTest{int, int}[2]" classname="RadioTest" time="0"/>
  <testcase name="StationVolUpTest{int, int}[3]" classname="RadioTest" time="0"/>
  <testcase name="StationVolUpTest{int, int}[4]" classname="RadioTest" time="0.001"/>
  <testcase name="StationVolUpTest{int, int}[5]" classname="RadioTest" time="0"/>
  <testcase name="StationVolUpTest{int, int}[6]" classname="RadioTest" time="0"/>
  <testcase name="StationVolUpTest{int, int}[7]" classname="RadioTest" time="0"/>
  <testcase name="StationVolCurrentSetTest{int, int}[1]" classname="RadioTest" time="0"/>
  <testcase name="StationVolCurrentSetTest{int, int}[2]" classname="RadioTest" time="0"/>
  <testcase name="StationVolCurrentSetTest{int, int}[3]" classname="RadioTest" time="0"/>
  <testcase name="StationVolCurrentSetTest{int, int}[4]" classname="RadioTest" time="0.001"/>
  <testcase name="StationVolCurrentSetTest{int, int}[5]" classname="RadioTest" time="0.001"/>
  <testcase name="StationVolCurrentSetTest{int, int}[6]" classname="RadioTest" time="0.001"/>
  <testcase name="StationVolCurrentSetTest{int, int}[7]" classname="RadioTest" time="0"/>
  <testcase name="StationNumberSetCurrentTest{int, int}[1]" classname="RadioTest" time="0.001"/>
  <testcase name="StationNumberSetCurrentTest{int, int}[2]" classname="RadioTest" time="0.001"/>
  <testcase name="StationNumberSetCurrentTest{int, int}[3]" classname="RadioTest" time="0.001"/>
  <testcase name="StationNumberSetCurrentTest{int, int}[4]" classname="RadioTest" time="0.001"/>
  <testcase name="StationNumberSetCurrentTest{int, int}[5]" classname="RadioTest" time="0"/>
  <testcase name="StationNumberSetCurrentTest{int, int}[6]" classname="RadioTest" time="0"/>
  <testcase name="StationNumberSetCurrentTest{int, int}[7]" classname="RadioTest" time="0"/>
  <testcase name="StationNumberNextTest{int, int}[1]" classname="RadioTest" time="0.002"/>
  <testcase name="StationNumberNextTest{int, int}[2]" classname="RadioTest" time="0.001"/>
  <testcase name="StationNumberNextTest{int, int}[3]" classname="RadioTest" time="0"/>
  <testcase name="StationNumberNextTest{int, int}[4]" classname="RadioTest" time="0"/>
  <testcase name="StationNumberNextTest{int, int}[5]" classname="RadioTest" time="0"/>
  <testcase name="StationNumberNextTest{int, int}[6]" classname="RadioTest" time="0"/>
  <testcase name="StationNumberNextTest{int, int}[7]" classname="RadioTest" time="0.001"/>
</testsuite>